2024-03-24T17:44:27.430+05:30  INFO 7336 --- [main] com.onlineAssignment.Application         : Starting Application using Java 17.0.9 with PID 7336 (C:\Users\smaheshwari\Documents\workspace-spring-tool-suite-4-4.21.0.RELEASE\onlineAssignmentProject\target\classes started by smaheshwari in C:\Users\smaheshwari\Documents\workspace-spring-tool-suite-4-4.21.0.RELEASE\onlineAssignmentProject)
2024-03-24T17:44:27.453+05:30  INFO 7336 --- [main] com.onlineAssignment.Application         : No active profile set, falling back to 1 default profile: "default"
2024-03-24T17:44:28.599+05:30  INFO 7336 --- [main] .s.d.r.c.RepositoryConfigurationDelegate : Bootstrapping Spring Data JPA repositories in DEFAULT mode.
2024-03-24T17:44:28.710+05:30  INFO 7336 --- [main] .s.d.r.c.RepositoryConfigurationDelegate : Finished Spring Data repository scanning in 98 ms. Found 6 JPA repository interfaces.
2024-03-24T17:44:29.869+05:30  INFO 7336 --- [main] o.s.b.w.embedded.tomcat.TomcatWebServer  : Tomcat initialized with port 8080 (http)
2024-03-24T17:44:29.896+05:30  INFO 7336 --- [main] o.apache.catalina.core.StandardService   : Starting service [Tomcat]
2024-03-24T17:44:29.896+05:30  INFO 7336 --- [main] o.apache.catalina.core.StandardEngine    : Starting Servlet engine: [Apache Tomcat/10.1.18]
2024-03-24T17:44:30.016+05:30  INFO 7336 --- [main] o.a.c.c.C.[Tomcat].[localhost].[/]       : Initializing Spring embedded WebApplicationContext
2024-03-24T17:44:30.017+05:30  INFO 7336 --- [main] w.s.c.ServletWebServerApplicationContext : Root WebApplicationContext: initialization completed in 2464 ms
2024-03-24T17:44:30.211+05:30  INFO 7336 --- [main] o.hibernate.jpa.internal.util.LogHelper  : HHH000204: Processing PersistenceUnitInfo [name: default]
2024-03-24T17:44:30.308+05:30  INFO 7336 --- [main] org.hibernate.Version                    : HHH000412: Hibernate ORM core version 6.4.1.Final
2024-03-24T17:44:30.361+05:30  INFO 7336 --- [main] o.h.c.internal.RegionFactoryInitiator    : HHH000026: Second-level cache disabled
2024-03-24T17:44:30.740+05:30  INFO 7336 --- [main] o.s.o.j.p.SpringPersistenceUnitInfo      : No LoadTimeWeaver setup: ignoring JPA class transformer
2024-03-24T17:44:30.784+05:30  INFO 7336 --- [main] com.zaxxer.hikari.HikariDataSource       : HikariPool-1 - Starting...
2024-03-24T17:44:31.350+05:30  INFO 7336 --- [main] com.zaxxer.hikari.pool.HikariPool        : HikariPool-1 - Added connection com.mysql.cj.jdbc.ConnectionImpl@46e388ec
2024-03-24T17:44:31.354+05:30  INFO 7336 --- [main] com.zaxxer.hikari.HikariDataSource       : HikariPool-1 - Start completed.
2024-03-24T17:44:32.892+05:30  INFO 7336 --- [main] o.h.e.t.j.p.i.JtaPlatformInitiator       : HHH000489: No JTA platform available (set 'hibernate.transaction.jta.platform' to enable JTA platform integration)
2024-03-24T17:44:33.177+05:30  INFO 7336 --- [main] j.LocalContainerEntityManagerFactoryBean : Initialized JPA EntityManagerFactory for persistence unit 'default'
2024-03-24T17:44:33.848+05:30  WARN 7336 --- [main] JpaBaseConfiguration$JpaWebConfiguration : spring.jpa.open-in-view is enabled by default. Therefore, database queries may be performed during view rendering. Explicitly configure spring.jpa.open-in-view to disable this warning
2024-03-24T17:44:34.307+05:30  INFO 7336 --- [main] o.s.b.w.embedded.tomcat.TomcatWebServer  : Tomcat started on port 8080 (http) with context path ''
2024-03-24T17:44:34.317+05:30  INFO 7336 --- [main] com.onlineAssignment.Application         : Started Application in 7.705 seconds (process running for 8.72)
2024-03-24T17:49:12.817+05:30  INFO 9520 --- [main] com.onlineAssignment.Application         : Starting Application using Java 17.0.9 with PID 9520 (C:\Users\smaheshwari\Documents\workspace-spring-tool-suite-4-4.21.0.RELEASE\onlineAssignmentProject\target\classes started by smaheshwari in C:\Users\smaheshwari\Documents\workspace-spring-tool-suite-4-4.21.0.RELEASE\onlineAssignmentProject)
2024-03-24T17:49:12.823+05:30  INFO 9520 --- [main] com.onlineAssignment.Application         : No active profile set, falling back to 1 default profile: "default"
2024-03-24T17:49:14.495+05:30  INFO 9520 --- [main] .s.d.r.c.RepositoryConfigurationDelegate : Bootstrapping Spring Data JPA repositories in DEFAULT mode.
2024-03-24T17:49:14.698+05:30  INFO 9520 --- [main] .s.d.r.c.RepositoryConfigurationDelegate : Finished Spring Data repository scanning in 179 ms. Found 6 JPA repository interfaces.
2024-03-24T17:49:16.371+05:30  INFO 9520 --- [main] o.s.b.w.embedded.tomcat.TomcatWebServer  : Tomcat initialized with port 8080 (http)
2024-03-24T17:49:16.402+05:30  INFO 9520 --- [main] o.apache.catalina.core.StandardService   : Starting service [Tomcat]
2024-03-24T17:49:16.403+05:30  INFO 9520 --- [main] o.apache.catalina.core.StandardEngine    : Starting Servlet engine: [Apache Tomcat/10.1.18]
2024-03-24T17:49:16.574+05:30  INFO 9520 --- [main] o.a.c.c.C.[Tomcat].[localhost].[/]       : Initializing Spring embedded WebApplicationContext
2024-03-24T17:49:16.576+05:30  INFO 9520 --- [main] w.s.c.ServletWebServerApplicationContext : Root WebApplicationContext: initialization completed in 3637 ms
2024-03-24T17:49:16.869+05:30  INFO 9520 --- [main] o.hibernate.jpa.internal.util.LogHelper  : HHH000204: Processing PersistenceUnitInfo [name: default]
2024-03-24T17:49:17.022+05:30  INFO 9520 --- [main] org.hibernate.Version                    : HHH000412: Hibernate ORM core version 6.4.1.Final
2024-03-24T17:49:17.119+05:30  INFO 9520 --- [main] o.h.c.internal.RegionFactoryInitiator    : HHH000026: Second-level cache disabled
2024-03-24T17:49:17.683+05:30  INFO 9520 --- [main] o.s.o.j.p.SpringPersistenceUnitInfo      : No LoadTimeWeaver setup: ignoring JPA class transformer
2024-03-24T17:49:17.736+05:30  INFO 9520 --- [main] com.zaxxer.hikari.HikariDataSource       : HikariPool-1 - Starting...
2024-03-24T17:49:18.504+05:30  INFO 9520 --- [main] com.zaxxer.hikari.pool.HikariPool        : HikariPool-1 - Added connection com.mysql.cj.jdbc.ConnectionImpl@2d4f67e
2024-03-24T17:49:18.508+05:30  INFO 9520 --- [main] com.zaxxer.hikari.HikariDataSource       : HikariPool-1 - Start completed.
2024-03-24T17:49:20.784+05:30  INFO 9520 --- [main] o.h.e.t.j.p.i.JtaPlatformInitiator       : HHH000489: No JTA platform available (set 'hibernate.transaction.jta.platform' to enable JTA platform integration)
2024-03-24T17:49:21.010+05:30  INFO 9520 --- [main] j.LocalContainerEntityManagerFactoryBean : Initialized JPA EntityManagerFactory for persistence unit 'default'
2024-03-24T17:49:21.921+05:30  WARN 9520 --- [main] JpaBaseConfiguration$JpaWebConfiguration : spring.jpa.open-in-view is enabled by default. Therefore, database queries may be performed during view rendering. Explicitly configure spring.jpa.open-in-view to disable this warning
2024-03-24T17:49:22.571+05:30  INFO 9520 --- [main] o.s.b.w.embedded.tomcat.TomcatWebServer  : Tomcat started on port 8080 (http) with context path ''
2024-03-24T17:49:22.588+05:30  INFO 9520 --- [main] com.onlineAssignment.Application         : Started Application in 10.693 seconds (process running for 12.015)
2024-03-24T18:03:41.152+05:30  INFO 14908 --- [main] com.onlineAssignment.Application         : Starting Application using Java 17.0.9 with PID 14908 (C:\Users\smaheshwari\Documents\workspace-spring-tool-suite-4-4.21.0.RELEASE\onlineAssignmentProject\target\classes started by smaheshwari in C:\Users\smaheshwari\Documents\workspace-spring-tool-suite-4-4.21.0.RELEASE\onlineAssignmentProject)
2024-03-24T18:03:41.158+05:30  INFO 14908 --- [main] com.onlineAssignment.Application         : No active profile set, falling back to 1 default profile: "default"
2024-03-24T18:03:42.891+05:30  INFO 14908 --- [main] .s.d.r.c.RepositoryConfigurationDelegate : Bootstrapping Spring Data JPA repositories in DEFAULT mode.
2024-03-24T18:03:43.077+05:30  INFO 14908 --- [main] .s.d.r.c.RepositoryConfigurationDelegate : Finished Spring Data repository scanning in 165 ms. Found 6 JPA repository interfaces.
2024-03-24T18:03:44.971+05:30  INFO 14908 --- [main] o.s.b.w.embedded.tomcat.TomcatWebServer  : Tomcat initialized with port 8080 (http)
2024-03-24T18:03:45.010+05:30  INFO 14908 --- [main] o.apache.catalina.core.StandardService   : Starting service [Tomcat]
2024-03-24T18:03:45.012+05:30  INFO 14908 --- [main] o.apache.catalina.core.StandardEngine    : Starting Servlet engine: [Apache Tomcat/10.1.18]
2024-03-24T18:03:45.189+05:30  INFO 14908 --- [main] o.a.c.c.C.[Tomcat].[localhost].[/]       : Initializing Spring embedded WebApplicationContext
2024-03-24T18:03:45.191+05:30  INFO 14908 --- [main] w.s.c.ServletWebServerApplicationContext : Root WebApplicationContext: initialization completed in 3911 ms
2024-03-24T18:03:45.539+05:30  INFO 14908 --- [main] o.hibernate.jpa.internal.util.LogHelper  : HHH000204: Processing PersistenceUnitInfo [name: default]
2024-03-24T18:03:45.690+05:30  INFO 14908 --- [main] org.hibernate.Version                    : HHH000412: Hibernate ORM core version 6.4.1.Final
2024-03-24T18:03:45.782+05:30  INFO 14908 --- [main] o.h.c.internal.RegionFactoryInitiator    : HHH000026: Second-level cache disabled
2024-03-24T18:03:47.563+05:30  INFO 14908 --- [main] o.s.o.j.p.SpringPersistenceUnitInfo      : No LoadTimeWeaver setup: ignoring JPA class transformer
2024-03-24T18:03:47.634+05:30  INFO 14908 --- [main] com.zaxxer.hikari.HikariDataSource       : HikariPool-1 - Starting...
2024-03-24T18:03:48.387+05:30  INFO 14908 --- [main] com.zaxxer.hikari.pool.HikariPool        : HikariPool-1 - Added connection com.mysql.cj.jdbc.ConnectionImpl@10b87ff6
2024-03-24T18:03:48.393+05:30  INFO 14908 --- [main] com.zaxxer.hikari.HikariDataSource       : HikariPool-1 - Start completed.
2024-03-24T18:03:51.051+05:30  INFO 14908 --- [main] o.h.e.t.j.p.i.JtaPlatformInitiator       : HHH000489: No JTA platform available (set 'hibernate.transaction.jta.platform' to enable JTA platform integration)
2024-03-24T18:03:51.261+05:30  INFO 14908 --- [main] j.LocalContainerEntityManagerFactoryBean : Initialized JPA EntityManagerFactory for persistence unit 'default'
2024-03-24T18:03:53.017+05:30  WARN 14908 --- [main] JpaBaseConfiguration$JpaWebConfiguration : spring.jpa.open-in-view is enabled by default. Therefore, database queries may be performed during view rendering. Explicitly configure spring.jpa.open-in-view to disable this warning
2024-03-24T18:03:54.514+05:30  INFO 14908 --- [main] o.s.b.w.embedded.tomcat.TomcatWebServer  : Tomcat started on port 8080 (http) with context path ''
2024-03-24T18:03:54.535+05:30  INFO 14908 --- [main] com.onlineAssignment.Application         : Started Application in 14.369 seconds (process running for 16.111)
2024-03-24T18:04:42.508+05:30  INFO 14908 --- [http-nio-8080-exec-3] o.a.c.c.C.[Tomcat].[localhost].[/]       : Initializing Spring DispatcherServlet 'dispatcherServlet'
2024-03-24T18:04:42.516+05:30  INFO 14908 --- [http-nio-8080-exec-3] o.s.web.servlet.DispatcherServlet        : Initializing Servlet 'dispatcherServlet'
2024-03-24T18:04:42.577+05:30  INFO 14908 --- [http-nio-8080-exec-3] o.s.web.servlet.DispatcherServlet        : Completed initialization in 59 ms
